[0m[[0m[0mdebug[0m] [0m[0m> Exec(;Test/compile; collectAnalyses, None, Some(CommandSource(network-1)))[0m
[0m[[0m[0mdebug[0m] [0m[0munmatched Processing event for requestId None: None[0m
[0m[[0m[0mdebug[0m] [0m[0munmatched Done event for requestId None: None[0m
[0m[[0m[0mdebug[0m] [0m[0m> Exec(Test/compile, None, Some(CommandSource(network-1)))[0m
[0m[[0m[0mdebug[0m] [0m[0munmatched Processing event for requestId None: None[0m
[0m[[0m[0mdebug[0m] [0m[0mEvaluating tasks: Test / compile[0m
[0m[[0m[0mdebug[0m] [0m[0mRunning task... Cancel: Signal, check cycles: false, forcegc: true[0m
[0m[[0m[0mdebug[0m] [0m[0mjsonRpcNotify: JsonRpcNotificationMessage(2.0, build/taskStart, {"taskId":{"id":"8","parents":[]},"eventTime":1643895830346,"message":"Compiling scala_project","dataKind":"compile-task","data":{"target":{"uri":"file:/C:/Users/admin/Desktop/Cours%20M2/Scala/Scala_Project/#scala_project/Compile"}}})[0m
[0m[[0m[0minfo[0m] [0m[0mcompiling 2 Scala sources to C:\Users\admin\Desktop\Cours M2\Scala\Scala_Project\target\scala-2.13\classes ...[0m
[0m[[0m[0mdebug[0m] [0m[0mjsonRpcNotify: JsonRpcNotificationMessage(2.0, build/logMessage, {"type":3,"message":"compiling 2 Scala sources to C:\\Users\\admin\\Desktop\\Cours M2\\Scala\\Scala_Project\\target\\scala-2.13\\classes ..."})[0m
[0m[[0m[0mdebug[0m] [0m[0mjsonRpcNotify: JsonRpcNotificationMessage(2.0, build/publishDiagnostics, {"textDocument":{"uri":"file:///C:/Users/admin/Desktop/Cours%20M2/Scala/Scala_Project/src/main/scala/fileReader/Database.scala"},"buildTarget":{"uri":"file:/C:/Users/admin/Desktop/Cours%20M2/Scala/Scala_Project/#scala_project/Compile"},"diagnostics":[{"range":{"start":{"line":2,"character":0},"end":{"line":2,"character":1}},"severity":1,"source":"sbt","message":"expected class or object definition"}],"reset":false})[0m
[0m[[0m[31merror[0m] [0m[0mC:\Users\admin\Desktop\Cours M2\Scala\Scala_Project\src\main\scala\fileReader\Database.scala:3:1: expected class or object definition[0m
[0m[[0m[31merror[0m] [0m[0mval db = Database.forConfig("h2mem")[0m
[0m[[0m[31merror[0m] [0m[0m^[0m
[0m[[0m[0mdebug[0m] [0m[0mjsonRpcNotify: JsonRpcNotificationMessage(2.0, build/logMessage, {"type":1,"message":"C:\\Users\\admin\\Desktop\\Cours M2\\Scala\\Scala_Project\\src\\main\\scala\\fileReader\\Database.scala:3:1: expected class or object definition"})[0m
[0m[[0m[0mdebug[0m] [0m[0mjsonRpcNotify: JsonRpcNotificationMessage(2.0, build/logMessage, {"type":1,"message":"val db = Database.forConfig(\"h2mem\")"})[0m
[0m[[0m[0mdebug[0m] [0m[0mjsonRpcNotify: JsonRpcNotificationMessage(2.0, build/logMessage, {"type":1,"message":"^"})[0m
[0m[[0m[0mdebug[0m] [0m[0mjsonRpcNotify: JsonRpcNotificationMessage(2.0, build/publishDiagnostics, {"textDocument":{"uri":"file:///C:/Users/admin/Desktop/Cours%20M2/Scala/Scala_Project/src/main/scala/fileReader/Database.scala"},"buildTarget":{"uri":"file:/C:/Users/admin/Desktop/Cours%20M2/Scala/Scala_Project/#scala_project/Compile"},"diagnostics":[{"range":{"start":{"line":4,"character":0},"end":{"line":4,"character":1}},"severity":1,"source":"sbt","message":"expected class or object definition"}],"reset":false})[0m
[0m[[0m[31merror[0m] [0m[0mC:\Users\admin\Desktop\Cours M2\Scala\Scala_Project\src\main\scala\fileReader\Database.scala:5:1: expected class or object definition[0m
[0m[[0m[31merror[0m] [0m[0mh2mem { [0m
[0m[[0m[31merror[0m] [0m[0m^[0m
[0m[[0m[0mdebug[0m] [0m[0mjsonRpcNotify: JsonRpcNotificationMessage(2.0, build/logMessage, {"type":1,"message":"C:\\Users\\admin\\Desktop\\Cours M2\\Scala\\Scala_Project\\src\\main\\scala\\fileReader\\Database.scala:5:1: expected class or object definition"})[0m
[0m[[0m[0mdebug[0m] [0m[0mjsonRpcNotify: JsonRpcNotificationMessage(2.0, build/logMessage, {"type":1,"message":"h2mem { "})[0m
[0m[[0m[0mdebug[0m] [0m[0mjsonRpcNotify: JsonRpcNotificationMessage(2.0, build/logMessage, {"type":1,"message":"^"})[0m
[0m[[0m[0mdebug[0m] [0m[0mjsonRpcNotify: JsonRpcNotificationMessage(2.0, build/publishDiagnostics, {"textDocument":{"uri":"file:///C:/Users/admin/Desktop/Cours%20M2/Scala/Scala_Project/src/main/scala/fileReader/Database.scala"},"buildTarget":{"uri":"file:/C:/Users/admin/Desktop/Cours%20M2/Scala/Scala_Project/#scala_project/Compile"},"diagnostics":[{"range":{"start":{"line":14,"character":8},"end":{"line":14,"character":9}},"severity":1,"source":"sbt","message":"identifier expected but 'type' found."}],"reset":false})[0m
[0m[[0m[31merror[0m] [0m[0mC:\Users\admin\Desktop\Cours M2\Scala\Scala_Project\src\main\scala\fileReader\Database.scala:15:9: identifier expected but 'type' found.[0m
[0m[[0m[31merror[0m] [0m[0m    def type = column[String]("TYPE")[0m
[0m[[0m[31merror[0m] [0m[0m        ^[0m
[0m[[0m[0mdebug[0m] [0m[0mjsonRpcNotify: JsonRpcNotificationMessage(2.0, build/logMessage, {"type":1,"message":"C:\\Users\\admin\\Desktop\\Cours M2\\Scala\\Scala_Project\\src\\main\\scala\\fileReader\\Database.scala:15:9: identifier expected but 'type' found."})[0m
[0m[[0m[0mdebug[0m] [0m[0mjsonRpcNotify: JsonRpcNotificationMessage(2.0, build/logMessage, {"type":1,"message":"    def type = column[String](\"TYPE\")"})[0m
[0m[[0m[0mdebug[0m] [0m[0mjsonRpcNotify: JsonRpcNotificationMessage(2.0, build/logMessage, {"type":1,"message":"        ^"})[0m
[0m[[0m[31merror[0m] [0m[0mthree errors found[0m
[0m[[0m[0mdebug[0m] [0m[0mjsonRpcNotify: JsonRpcNotificationMessage(2.0, build/logMessage, {"type":1,"message":"three errors found"})[0m
[0m[[0m[0mdebug[0m] [0m[0mjsonRpcNotify: JsonRpcNotificationMessage(2.0, build/publishDiagnostics, {"textDocument":{"uri":"file:///C:/Users/admin/Desktop/Cours%20M2/Scala/Scala_Project/src/main/scala/fileReader/Database.scala"},"buildTarget":{"uri":"file:/C:/Users/admin/Desktop/Cours%20M2/Scala/Scala_Project/#scala_project/Compile"},"diagnostics":[{"range":{"start":{"line":2,"character":0},"end":{"line":2,"character":1}},"severity":1,"source":"sbt","message":"expected class or object definition"},{"range":{"start":{"line":4,"character":0},"end":{"line":4,"character":1}},"severity":1,"source":"sbt","message":"expected class or object definition"},{"range":{"start":{"line":14,"character":8},"end":{"line":14,"character":9}},"severity":1,"source":"sbt","message":"identifier expected but 'type' found."}],"reset":true})[0m
[0m[[0m[0mdebug[0m] [0m[0mjsonRpcNotify: JsonRpcNotificationMessage(2.0, build/publishDiagnostics, {"textDocument":{"uri":"file:///C:/Users/admin/Desktop/Cours%20M2/Scala/Scala_Project/src/main/scala/fileReader/Main.scala"},"buildTarget":{"uri":"file:/C:/Users/admin/Desktop/Cours%20M2/Scala/Scala_Project/#scala_project/Compile"},"diagnostics":[],"reset":true})[0m
[0m[[0m[0mdebug[0m] [0m[0mjsonRpcNotify: JsonRpcNotificationMessage(2.0, build/publishDiagnostics, {"textDocument":{"uri":"file:///C:/Users/admin/Desktop/Cours%20M2/Scala/Scala_Project/src/main/scala/fileReader/model/Airport.scala"},"buildTarget":{"uri":"file:/C:/Users/admin/Desktop/Cours%20M2/Scala/Scala_Project/#scala_project/Compile"},"diagnostics":[],"reset":true})[0m
[0m[[0m[0mdebug[0m] [0m[0mjsonRpcNotify: JsonRpcNotificationMessage(2.0, build/publishDiagnostics, {"textDocument":{"uri":"file:///C:/Users/admin/Desktop/Cours%20M2/Scala/Scala_Project/src/main/scala/fileReader/model/Point.scala"},"buildTarget":{"uri":"file:/C:/Users/admin/Desktop/Cours%20M2/Scala/Scala_Project/#scala_project/Compile"},"diagnostics":[],"reset":true})[0m
[0m[[0m[0mdebug[0m] [0m[0mjsonRpcNotify: JsonRpcNotificationMessage(2.0, build/publishDiagnostics, {"textDocument":{"uri":"file:///C:/Users/admin/Desktop/Cours%20M2/Scala/Scala_Project/src/main/scala/fileReader/service/CSV.scala"},"buildTarget":{"uri":"file:/C:/Users/admin/Desktop/Cours%20M2/Scala/Scala_Project/#scala_project/Compile"},"diagnostics":[],"reset":true})[0m
[0m[[0m[0mdebug[0m] [0m[0mjsonRpcNotify: JsonRpcNotificationMessage(2.0, build/taskFinish, {"taskId":{"id":"8","parents":[]},"eventTime":1643895830434,"message":"Compiled scala_project","status":2,"dataKind":"compile-report","data":{"target":{"uri":"file:/C:/Users/admin/Desktop/Cours%20M2/Scala/Scala_Project/#scala_project/Compile"},"errors":3,"warnings":0,"time":88}})[0m
[0m[[0m[0mdebug[0m] [0m[0mForcing garbage collection...[0m
[0m[[0m[0mdebug[0m] [0m[0munmatched json error for requestId None: {"code":-32603,"message":"(Compile / \u001b[31mcompileIncremental\u001b[0m) Compilation failed"}[0m
[0m[[0m[31merror[0m] [0m[0m(Compile / [31mcompileIncremental[0m) Compilation failed[0m
[0m[[0m[0mdebug[0m] [0m[0mjsonRpcNotify: JsonRpcNotificationMessage(2.0, build/logMessage, {"type":1,"message":"(Compile / \u001b[31mcompileIncremental\u001b[0m) Compilation failed"})[0m
[0m[[0m[31merror[0m] [0m[0mTotal time: 0 s, completed 3 févr. 2022, 14:43:50[0m
[0m[[0m[0mdebug[0m] [0m[0munmatched Done event for requestId None: None[0m
[0m[[0m[0mdebug[0m] [0m[0m> Exec(shell, None, None)[0m
[0m[[0m[0mdebug[0m] [0m[0mForcing garbage collection...[0m
[0m[[0m[0mdebug[0m] [0m[0mUnhandled notification received: textDocument/didClose: JsonRpcNotificationMessage(2.0, textDocument/didClose, {"textDocument":{"uri":"file:///c%3A/Users/admin/Desktop/Cours%20M2/Scala/scala_project/src/main/scala/fileReader/model/Airport.scala"}})[0m
