[0m[[0m[0mdebug[0m] [0m[0m> Exec(;Test/compile; collectAnalyses, None, Some(CommandSource(network-1)))[0m
[0m[[0m[0mdebug[0m] [0m[0munmatched Processing event for requestId None: None[0m
[0m[[0m[0mdebug[0m] [0m[0munmatched Done event for requestId None: None[0m
[0m[[0m[0mdebug[0m] [0m[0m> Exec(Test/compile, None, Some(CommandSource(network-1)))[0m
[0m[[0m[0mdebug[0m] [0m[0munmatched Processing event for requestId None: None[0m
[0m[[0m[0mdebug[0m] [0m[0mEvaluating tasks: Test / compile[0m
[0m[[0m[0mdebug[0m] [0m[0mRunning task... Cancel: Signal, check cycles: false, forcegc: true[0m
[0m[[0m[0mdebug[0m] [0m[0mjsonRpcNotify: JsonRpcNotificationMessage(2.0, build/taskStart, {"taskId":{"id":"7","parents":[]},"eventTime":1643893479642,"message":"Compiling scala_project","dataKind":"compile-task","data":{"target":{"uri":"file:/C:/Users/admin/Desktop/Cours%20M2/Scala/Scala_Project/#scala_project/Compile"}}})[0m
[0m[[0m[0minfo[0m] [0m[0mcompiling 1 Scala source to C:\Users\admin\Desktop\Cours M2\Scala\Scala_Project\target\scala-2.13\classes ...[0m
[0m[[0m[0mdebug[0m] [0m[0mjsonRpcNotify: JsonRpcNotificationMessage(2.0, build/logMessage, {"type":3,"message":"compiling 1 Scala source to C:\\Users\\admin\\Desktop\\Cours M2\\Scala\\Scala_Project\\target\\scala-2.13\\classes ..."})[0m
[0m[[0m[0mdebug[0m] [0m[0mjsonRpcNotify: JsonRpcNotificationMessage(2.0, build/publishDiagnostics, {"textDocument":{"uri":"file:///C:/Users/admin/Desktop/Cours%20M2/Scala/Scala_Project/src/main/scala/fileReader/Database.scala"},"buildTarget":{"uri":"file:/C:/Users/admin/Desktop/Cours%20M2/Scala/Scala_Project/#scala_project/Compile"},"diagnostics":[{"range":{"start":{"line":2,"character":0},"end":{"line":2,"character":1}},"severity":1,"source":"sbt","message":"expected class or object definition"}],"reset":false})[0m
[0m[[0m[31merror[0m] [0m[0mC:\Users\admin\Desktop\Cours M2\Scala\Scala_Project\src\main\scala\fileReader\Database.scala:3:1: expected class or object definition[0m
[0m[[0m[31merror[0m] [0m[0mval db = Database.forConfig("h2mem")[0m
[0m[[0m[31merror[0m] [0m[0m^[0m
[0m[[0m[0mdebug[0m] [0m[0mjsonRpcNotify: JsonRpcNotificationMessage(2.0, build/logMessage, {"type":1,"message":"C:\\Users\\admin\\Desktop\\Cours M2\\Scala\\Scala_Project\\src\\main\\scala\\fileReader\\Database.scala:3:1: expected class or object definition"})[0m
[0m[[0m[0mdebug[0m] [0m[0mjsonRpcNotify: JsonRpcNotificationMessage(2.0, build/logMessage, {"type":1,"message":"val db = Database.forConfig(\"h2mem\")"})[0m
[0m[[0m[0mdebug[0m] [0m[0mjsonRpcNotify: JsonRpcNotificationMessage(2.0, build/logMessage, {"type":1,"message":"^"})[0m
[0m[[0m[0mdebug[0m] [0m[0mjsonRpcNotify: JsonRpcNotificationMessage(2.0, build/publishDiagnostics, {"textDocument":{"uri":"file:///C:/Users/admin/Desktop/Cours%20M2/Scala/Scala_Project/src/main/scala/fileReader/Database.scala"},"buildTarget":{"uri":"file:/C:/Users/admin/Desktop/Cours%20M2/Scala/Scala_Project/#scala_project/Compile"},"diagnostics":[{"range":{"start":{"line":4,"character":0},"end":{"line":4,"character":1}},"severity":1,"source":"sbt","message":"expected class or object definition"}],"reset":false})[0m
[0m[[0m[31merror[0m] [0m[0mC:\Users\admin\Desktop\Cours M2\Scala\Scala_Project\src\main\scala\fileReader\Database.scala:5:1: expected class or object definition[0m
[0m[[0m[31merror[0m] [0m[0mh2mem { [0m
[0m[[0m[31merror[0m] [0m[0m^[0m
[0m[[0m[0mdebug[0m] [0m[0mjsonRpcNotify: JsonRpcNotificationMessage(2.0, build/logMessage, {"type":1,"message":"C:\\Users\\admin\\Desktop\\Cours M2\\Scala\\Scala_Project\\src\\main\\scala\\fileReader\\Database.scala:5:1: expected class or object definition"})[0m
[0m[[0m[0mdebug[0m] [0m[0mjsonRpcNotify: JsonRpcNotificationMessage(2.0, build/logMessage, {"type":1,"message":"h2mem { "})[0m
[0m[[0m[0mdebug[0m] [0m[0mjsonRpcNotify: JsonRpcNotificationMessage(2.0, build/logMessage, {"type":1,"message":"^"})[0m
[0m[[0m[31merror[0m] [0m[0mtwo errors found[0m
[0m[[0m[0mdebug[0m] [0m[0mjsonRpcNotify: JsonRpcNotificationMessage(2.0, build/logMessage, {"type":1,"message":"two errors found"})[0m
[0m[[0m[0mdebug[0m] [0m[0mjsonRpcNotify: JsonRpcNotificationMessage(2.0, build/publishDiagnostics, {"textDocument":{"uri":"file:///C:/Users/admin/Desktop/Cours%20M2/Scala/Scala_Project/src/main/scala/fileReader/Database.scala"},"buildTarget":{"uri":"file:/C:/Users/admin/Desktop/Cours%20M2/Scala/Scala_Project/#scala_project/Compile"},"diagnostics":[{"range":{"start":{"line":2,"character":0},"end":{"line":2,"character":1}},"severity":1,"source":"sbt","message":"expected class or object definition"},{"range":{"start":{"line":4,"character":0},"end":{"line":4,"character":1}},"severity":1,"source":"sbt","message":"expected class or object definition"}],"reset":true})[0m
[0m[[0m[0mdebug[0m] [0m[0mjsonRpcNotify: JsonRpcNotificationMessage(2.0, build/publishDiagnostics, {"textDocument":{"uri":"file:///C:/Users/admin/Desktop/Cours%20M2/Scala/Scala_Project/src/main/scala/fileReader/Main.scala"},"buildTarget":{"uri":"file:/C:/Users/admin/Desktop/Cours%20M2/Scala/Scala_Project/#scala_project/Compile"},"diagnostics":[],"reset":true})[0m
[0m[[0m[0mdebug[0m] [0m[0mjsonRpcNotify: JsonRpcNotificationMessage(2.0, build/publishDiagnostics, {"textDocument":{"uri":"file:///C:/Users/admin/Desktop/Cours%20M2/Scala/Scala_Project/src/main/scala/fileReader/model/Point.scala"},"buildTarget":{"uri":"file:/C:/Users/admin/Desktop/Cours%20M2/Scala/Scala_Project/#scala_project/Compile"},"diagnostics":[],"reset":true})[0m
[0m[[0m[0mdebug[0m] [0m[0mjsonRpcNotify: JsonRpcNotificationMessage(2.0, build/publishDiagnostics, {"textDocument":{"uri":"file:///C:/Users/admin/Desktop/Cours%20M2/Scala/Scala_Project/src/main/scala/fileReader/service/CSV.scala"},"buildTarget":{"uri":"file:/C:/Users/admin/Desktop/Cours%20M2/Scala/Scala_Project/#scala_project/Compile"},"diagnostics":[],"reset":true})[0m
[0m[[0m[0mdebug[0m] [0m[0mjsonRpcNotify: JsonRpcNotificationMessage(2.0, build/taskFinish, {"taskId":{"id":"7","parents":[]},"eventTime":1643893479773,"message":"Compiled scala_project","status":2,"dataKind":"compile-report","data":{"target":{"uri":"file:/C:/Users/admin/Desktop/Cours%20M2/Scala/Scala_Project/#scala_project/Compile"},"errors":2,"warnings":0,"time":131}})[0m
[0m[[0m[0mdebug[0m] [0m[0mForcing garbage collection...[0m
[0m[[0m[0mdebug[0m] [0m[0munmatched json error for requestId None: {"code":-32603,"message":"(Compile / \u001b[31mcompileIncremental\u001b[0m) Compilation failed"}[0m
[0m[[0m[31merror[0m] [0m[0m(Compile / [31mcompileIncremental[0m) Compilation failed[0m
[0m[[0m[0mdebug[0m] [0m[0mjsonRpcNotify: JsonRpcNotificationMessage(2.0, build/logMessage, {"type":1,"message":"(Compile / \u001b[31mcompileIncremental\u001b[0m) Compilation failed"})[0m
[0m[[0m[31merror[0m] [0m[0mTotal time: 1 s, completed 3 févr. 2022, 14:04:40[0m
[0m[[0m[0mdebug[0m] [0m[0munmatched Done event for requestId None: None[0m
[0m[[0m[0mdebug[0m] [0m[0m> Exec(shell, None, None)[0m
[0m[[0m[0mdebug[0m] [0m[0mUnhandled notification received: textDocument/didClose: JsonRpcNotificationMessage(2.0, textDocument/didClose, {"textDocument":{"uri":"file:///c%3A/Users/admin/Desktop/Cours%20M2/Scala/scala_project/src/main/scala/fileReader/Main.scala"}})[0m
[0m[[0m[0mdebug[0m] [0m[0mUnhandled notification received: textDocument/didOpen: JsonRpcNotificationMessage(2.0, textDocument/didOpen, {"textDocument":{"uri":"file:///c%3A/Users/admin/Desktop/Cours%20M2/Scala/scala_project/src/main/scala/fileReader/model/Point.scala","languageId":"scala","version":1,"text":"package fileReader.model\n\nimport scala.util.Try\n\nsealed trait Point\nfinal case class Point2D(x: Long, y: Long) extends Point\nfinal case class Point3D(x: Long, y: Long, z: Long) extends Point\n\n\nobject Point {\n  def fromCsvLine(line: Array[String]): Option[Point] = {\n    line.size match {\n      case 2 => parse2DPoint(line)\n      case 3 => parse3DPoint(line)\n      case _ => None\n      }\n  }\n\n  //pattern matching is forbose so you can implement detailed error msg if you feel like it\n  def parse2DPoint(line: Array[String]) = {\n    (Try(line(0).toLong).toOption, Try(line(1).toLong).toOption) match {\n      case (Some(x), Some(y)) => Some(Point2D(x,y))\n      case (Some(x), None) => None\n      case (None, Some(y)) => None\n      case (None, None) => None\n    }\n  }\n\n  //pattern matching is forbose so you can implement detailed error msg if you feel like it\n  def parse3DPoint(line: Array[String]) = {\n    (Try(line(0).toLong).toOption, Try(line(1).toLong).toOption, Try(line(2).toLong).toOption) match {\n      case (Some(x), Some(y), Some(z)) => Some(Point3D(x,y, z))\n      case (Some(_), None, Some(_)) | (None, Some(_), Some(_)) | (Some(_), Some(_), None) => None // 1 error\n      case (Some(_), None, None) | (None, Some(_), None) | (None, None, Some(_)) => None // 2 errors\n      case (None, None, None) => None // 3 errors\n    }\n  }\n}"}})[0m
[0m[[0m[0mdebug[0m] [0m[0mUnhandled notification received: textDocument/didOpen: JsonRpcNotificationMessage(2.0, textDocument/didOpen, {"textDocument":{"uri":"file:///c%3A/Users/admin/Desktop/Cours%20M2/Scala/scala_project/src/main/scala/fileReader/model/Airport.scala","languageId":"scala","version":1,"text":""}})[0m
[0m[[0m[0mdebug[0m] [0m[0mUnhandled notification received: textDocument/didClose: JsonRpcNotificationMessage(2.0, textDocument/didClose, {"textDocument":{"uri":"file:///c%3A/Users/admin/Desktop/Cours%20M2/Scala/scala_project/src/main/scala/fileReader/model/Point.scala"}})[0m
[0m[[0m[0mdebug[0m] [0m[0mlsp-definition json request: {"textDocument":{"uri":"file:///c%3A/Users/admin/Desktop/Cours%20M2/Scala/scala_project/src/main/scala/fileReader/Database.scala"},"position":{"line":11,"character":48}}[0m
[0m[[0m[0minfo[0m] [0m[0mSymbol not found in definition request {"textDocument":{"uri":"file:///c%3A/Users/admin/Desktop/Cours%20M2/Scala/scala_project/src/main/scala/fileReader/Database.scala"},"position":{"line":11,"character":48}}[0m
[0m[[0m[0mdebug[0m] [0m[0mForcing garbage collection...[0m
[0m[[0m[0mdebug[0m] [0m[0mlsp-definition json request: {"textDocument":{"uri":"file:///c%3A/Users/admin/Desktop/Cours%20M2/Scala/scala_project/src/main/scala/fileReader/Database.scala"},"position":{"line":11,"character":177}}[0m
[0m[[0m[0minfo[0m] [0m[0mSymbol not found in definition request {"textDocument":{"uri":"file:///c%3A/Users/admin/Desktop/Cours%20M2/Scala/scala_project/src/main/scala/fileReader/Database.scala"},"position":{"line":11,"character":177}}[0m
[0m[[0m[0mdebug[0m] [0m[0mlsp-definition json request: {"textDocument":{"uri":"file:///c%3A/Users/admin/Desktop/Cours%20M2/Scala/scala_project/src/main/scala/fileReader/Database.scala"},"position":{"line":11,"character":172}}[0m
[0m[[0m[0minfo[0m] [0m[0mSymbol not found in definition request {"textDocument":{"uri":"file:///c%3A/Users/admin/Desktop/Cours%20M2/Scala/scala_project/src/main/scala/fileReader/Database.scala"},"position":{"line":11,"character":172}}[0m
[0m[[0m[0mdebug[0m] [0m[0mlsp-definition json request: {"textDocument":{"uri":"file:///c%3A/Users/admin/Desktop/Cours%20M2/Scala/scala_project/src/main/scala/fileReader/Database.scala"},"position":{"line":11,"character":142}}[0m
[0m[[0m[0minfo[0m] [0m[0mSymbol not found in definition request {"textDocument":{"uri":"file:///c%3A/Users/admin/Desktop/Cours%20M2/Scala/scala_project/src/main/scala/fileReader/Database.scala"},"position":{"line":11,"character":142}}[0m
[0m[[0m[0mdebug[0m] [0m[0mlsp-definition json request: {"textDocument":{"uri":"file:///c%3A/Users/admin/Desktop/Cours%20M2/Scala/scala_project/src/main/scala/fileReader/Database.scala"},"position":{"line":12,"character":18}}[0m
[0m[[0m[0minfo[0m] [0m[0mSymbol not found in definition request {"textDocument":{"uri":"file:///c%3A/Users/admin/Desktop/Cours%20M2/Scala/scala_project/src/main/scala/fileReader/Database.scala"},"position":{"line":12,"character":18}}[0m
[0m[[0m[0mdebug[0m] [0m[0mlsp-definition json request: {"textDocument":{"uri":"file:///c%3A/Users/admin/Desktop/Cours%20M2/Scala/scala_project/src/main/scala/fileReader/Database.scala"},"position":{"line":12,"character":36}}[0m
[0m[[0m[0minfo[0m] [0m[0mSymbol not found in definition request {"textDocument":{"uri":"file:///c%3A/Users/admin/Desktop/Cours%20M2/Scala/scala_project/src/main/scala/fileReader/Database.scala"},"position":{"line":12,"character":36}}[0m
[0m[[0m[0mdebug[0m] [0m[0mlsp-definition json request: {"textDocument":{"uri":"file:///c%3A/Users/admin/Desktop/Cours%20M2/Scala/scala_project/src/main/scala/fileReader/Database.scala"},"position":{"line":13,"character":22}}[0m
[0m[[0m[0minfo[0m] [0m[0mSymbol not found in definition request {"textDocument":{"uri":"file:///c%3A/Users/admin/Desktop/Cours%20M2/Scala/scala_project/src/main/scala/fileReader/Database.scala"},"position":{"line":13,"character":22}}[0m
[0m[[0m[0mdebug[0m] [0m[0mlsp-definition json request: {"textDocument":{"uri":"file:///c%3A/Users/admin/Desktop/Cours%20M2/Scala/scala_project/src/main/scala/fileReader/Database.scala"},"position":{"line":13,"character":4}}[0m
[0m[[0m[0minfo[0m] [0m[0mSymbol not found in definition request {"textDocument":{"uri":"file:///c%3A/Users/admin/Desktop/Cours%20M2/Scala/scala_project/src/main/scala/fileReader/Database.scala"},"position":{"line":13,"character":4}}[0m
[0m[[0m[0mdebug[0m] [0m[0mlsp-definition json request: {"textDocument":{"uri":"file:///c%3A/Users/admin/Desktop/Cours%20M2/Scala/scala_project/src/main/scala/fileReader/Database.scala"},"position":{"line":13,"character":10}}[0m
[0m[[0m[0minfo[0m] [0m[0mSymbol not found in definition request {"textDocument":{"uri":"file:///c%3A/Users/admin/Desktop/Cours%20M2/Scala/scala_project/src/main/scala/fileReader/Database.scala"},"position":{"line":13,"character":10}}[0m
[0m[[0m[0mdebug[0m] [0m[0mlsp-definition json request: {"textDocument":{"uri":"file:///c%3A/Users/admin/Desktop/Cours%20M2/Scala/scala_project/src/main/scala/fileReader/Database.scala"},"position":{"line":13,"character":36}}[0m
[0m[[0m[0minfo[0m] [0m[0mSymbol not found in definition request {"textDocument":{"uri":"file:///c%3A/Users/admin/Desktop/Cours%20M2/Scala/scala_project/src/main/scala/fileReader/Database.scala"},"position":{"line":13,"character":36}}[0m
[0m[[0m[0mdebug[0m] [0m[0mlsp-definition json request: {"textDocument":{"uri":"file:///c%3A/Users/admin/Desktop/Cours%20M2/Scala/scala_project/src/main/scala/fileReader/Database.scala"},"position":{"line":16,"character":4}}[0m
[0m[[0m[0minfo[0m] [0m[0mSymbol not found in definition request {"textDocument":{"uri":"file:///c%3A/Users/admin/Desktop/Cours%20M2/Scala/scala_project/src/main/scala/fileReader/Database.scala"},"position":{"line":16,"character":4}}[0m
[0m[[0m[0mdebug[0m] [0m[0mlsp-definition json request: {"textDocument":{"uri":"file:///c%3A/Users/admin/Desktop/Cours%20M2/Scala/scala_project/src/main/scala/fileReader/Database.scala"},"position":{"line":17,"character":11}}[0m
[0m[[0m[0minfo[0m] [0m[0mSymbol not found in definition request {"textDocument":{"uri":"file:///c%3A/Users/admin/Desktop/Cours%20M2/Scala/scala_project/src/main/scala/fileReader/Database.scala"},"position":{"line":17,"character":11}}[0m
[0m[[0m[0mdebug[0m] [0m[0mlsp-definition json request: {"textDocument":{"uri":"file:///c%3A/Users/admin/Desktop/Cours%20M2/Scala/scala_project/src/main/scala/fileReader/Database.scala"},"position":{"line":12,"character":4}}[0m
[0m[[0m[0minfo[0m] [0m[0mSymbol not found in definition request {"textDocument":{"uri":"file:///c%3A/Users/admin/Desktop/Cours%20M2/Scala/scala_project/src/main/scala/fileReader/Database.scala"},"position":{"line":12,"character":4}}[0m
[0m[[0m[0mdebug[0m] [0m[0mlsp-definition json request: {"textDocument":{"uri":"file:///c%3A/Users/admin/Desktop/Cours%20M2/Scala/scala_project/src/main/scala/fileReader/Database.scala"},"position":{"line":14,"character":4}}[0m
[0m[[0m[0minfo[0m] [0m[0mSymbol not found in definition request {"textDocument":{"uri":"file:///c%3A/Users/admin/Desktop/Cours%20M2/Scala/scala_project/src/main/scala/fileReader/Database.scala"},"position":{"line":14,"character":4}}[0m
[0m[[0m[0mdebug[0m] [0m[0mlsp-definition json request: {"textDocument":{"uri":"file:///c%3A/Users/admin/Desktop/Cours%20M2/Scala/scala_project/src/main/scala/fileReader/Database.scala"},"position":{"line":14,"character":4}}[0m
[0m[[0m[0minfo[0m] [0m[0mSymbol not found in definition request {"textDocument":{"uri":"file:///c%3A/Users/admin/Desktop/Cours%20M2/Scala/scala_project/src/main/scala/fileReader/Database.scala"},"position":{"line":14,"character":4}}[0m
[0m[[0m[0mdebug[0m] [0m[0mlsp-definition json request: {"textDocument":{"uri":"file:///c%3A/Users/admin/Desktop/Cours%20M2/Scala/scala_project/src/main/scala/fileReader/Database.scala"},"position":{"line":14,"character":4}}[0m
[0m[[0m[0minfo[0m] [0m[0mSymbol not found in definition request {"textDocument":{"uri":"file:///c%3A/Users/admin/Desktop/Cours%20M2/Scala/scala_project/src/main/scala/fileReader/Database.scala"},"position":{"line":14,"character":4}}[0m
[0m[[0m[0mdebug[0m] [0m[0mlsp-definition json request: {"textDocument":{"uri":"file:///c%3A/Users/admin/Desktop/Cours%20M2/Scala/scala_project/src/main/scala/fileReader/Database.scala"},"position":{"line":18,"character":12}}[0m
[0m[[0m[0minfo[0m] [0m[0mSymbol not found in definition request {"textDocument":{"uri":"file:///c%3A/Users/admin/Desktop/Cours%20M2/Scala/scala_project/src/main/scala/fileReader/Database.scala"},"position":{"line":18,"character":12}}[0m
[0m[[0m[0mdebug[0m] [0m[0mlsp-definition json request: {"textDocument":{"uri":"file:///c%3A/Users/admin/Desktop/Cours%20M2/Scala/scala_project/src/main/scala/fileReader/Database.scala"},"position":{"line":19,"character":7}}[0m
[0m[[0m[0minfo[0m] [0m[0mSymbol not found in definition request {"textDocument":{"uri":"file:///c%3A/Users/admin/Desktop/Cours%20M2/Scala/scala_project/src/main/scala/fileReader/Database.scala"},"position":{"line":19,"character":7}}[0m
[0m[[0m[0mdebug[0m] [0m[0mlsp-definition json request: {"textDocument":{"uri":"file:///c%3A/Users/admin/Desktop/Cours%20M2/Scala/scala_project/src/main/scala/fileReader/Database.scala"},"position":{"line":23,"character":9}}[0m
[0m[[0m[0minfo[0m] [0m[0mSymbol not found in definition request {"textDocument":{"uri":"file:///c%3A/Users/admin/Desktop/Cours%20M2/Scala/scala_project/src/main/scala/fileReader/Database.scala"},"position":{"line":23,"character":9}}[0m
[0m[[0m[0mdebug[0m] [0m[0mlsp-definition json request: {"textDocument":{"uri":"file:///c%3A/Users/admin/Desktop/Cours%20M2/Scala/scala_project/src/main/scala/fileReader/Database.scala"},"position":{"line":24,"character":16}}[0m
[0m[[0m[0minfo[0m] [0m[0mSymbol not found in definition request {"textDocument":{"uri":"file:///c%3A/Users/admin/Desktop/Cours%20M2/Scala/scala_project/src/main/scala/fileReader/Database.scala"},"position":{"line":24,"character":16}}[0m
[0m[[0m[0mdebug[0m] [0m[0mlsp-definition json request: {"textDocument":{"uri":"file:///c%3A/Users/admin/Desktop/Cours%20M2/Scala/scala_project/src/main/scala/fileReader/Database.scala"},"position":{"line":24,"character":10}}[0m
[0m[[0m[0minfo[0m] [0m[0mSymbol not found in definition request {"textDocument":{"uri":"file:///c%3A/Users/admin/Desktop/Cours%20M2/Scala/scala_project/src/main/scala/fileReader/Database.scala"},"position":{"line":24,"character":10}}[0m
[0m[[0m[0mdebug[0m] [0m[0mlsp-definition json request: {"textDocument":{"uri":"file:///c%3A/Users/admin/Desktop/Cours%20M2/Scala/scala_project/src/main/scala/fileReader/Database.scala"},"position":{"line":25,"character":10}}[0m
[0m[[0m[0minfo[0m] [0m[0mSymbol not found in definition request {"textDocument":{"uri":"file:///c%3A/Users/admin/Desktop/Cours%20M2/Scala/scala_project/src/main/scala/fileReader/Database.scala"},"position":{"line":25,"character":10}}[0m
[0m[[0m[0mdebug[0m] [0m[0mlsp-definition json request: {"textDocument":{"uri":"file:///c%3A/Users/admin/Desktop/Cours%20M2/Scala/scala_project/src/main/scala/fileReader/Database.scala"},"position":{"line":25,"character":14}}[0m
[0m[[0m[0minfo[0m] [0m[0mSymbol not found in definition request {"textDocument":{"uri":"file:///c%3A/Users/admin/Desktop/Cours%20M2/Scala/scala_project/src/main/scala/fileReader/Database.scala"},"position":{"line":25,"character":14}}[0m
[0m[[0m[0mdebug[0m] [0m[0mUnhandled notification received: textDocument/didOpen: JsonRpcNotificationMessage(2.0, textDocument/didOpen, {"textDocument":{"uri":"file:///c%3A/Users/admin/Desktop/Cours%20M2/Scala/scala_project/src/main/scala/fileReader/model/Point.scala","languageId":"scala","version":1,"text":"package fileReader.model\n\nimport scala.util.Try\n\nsealed trait Point\nfinal case class Point2D(x: Long, y: Long) extends Point\nfinal case class Point3D(x: Long, y: Long, z: Long) extends Point\n\n\nobject Point {\n  def fromCsvLine(line: Array[String]): Option[Point] = {\n    line.size match {\n      case 2 => parse2DPoint(line)\n      case 3 => parse3DPoint(line)\n      case _ => None\n      }\n  }\n\n  //pattern matching is forbose so you can implement detailed error msg if you feel like it\n  def parse2DPoint(line: Array[String]) = {\n    (Try(line(0).toLong).toOption, Try(line(1).toLong).toOption) match {\n      case (Some(x), Some(y)) => Some(Point2D(x,y))\n      case (Some(x), None) => None\n      case (None, Some(y)) => None\n      case (None, None) => None\n    }\n  }\n\n  //pattern matching is forbose so you can implement detailed error msg if you feel like it\n  def parse3DPoint(line: Array[String]) = {\n    (Try(line(0).toLong).toOption, Try(line(1).toLong).toOption, Try(line(2).toLong).toOption) match {\n      case (Some(x), Some(y), Some(z)) => Some(Point3D(x,y, z))\n      case (Some(_), None, Some(_)) | (None, Some(_), Some(_)) | (Some(_), Some(_), None) => None // 1 error\n      case (Some(_), None, None) | (None, Some(_), None) | (None, None, Some(_)) => None // 2 errors\n      case (None, None, None) => None // 3 errors\n    }\n  }\n}"}})[0m
[0m[[0m[0mdebug[0m] [0m[0mUnhandled notification received: textDocument/didClose: JsonRpcNotificationMessage(2.0, textDocument/didClose, {"textDocument":{"uri":"file:///c%3A/Users/admin/Desktop/Cours%20M2/Scala/scala_project/src/main/scala/fileReader/model/Point.scala"}})[0m
[0m[[0m[0mdebug[0m] [0m[0mlsp-definition json request: {"textDocument":{"uri":"file:///c%3A/Users/admin/Desktop/Cours%20M2/Scala/scala_project/src/main/scala/fileReader/Database.scala"},"position":{"line":26,"character":4}}[0m
[0m[[0m[0minfo[0m] [0m[0mSymbol not found in definition request {"textDocument":{"uri":"file:///c%3A/Users/admin/Desktop/Cours%20M2/Scala/scala_project/src/main/scala/fileReader/Database.scala"},"position":{"line":26,"character":4}}[0m
[0m[[0m[0mdebug[0m] [0m[0mlsp-definition json request: {"textDocument":{"uri":"file:///c%3A/Users/admin/Desktop/Cours%20M2/Scala/scala_project/src/main/scala/fileReader/Database.scala"},"position":{"line":26,"character":10}}[0m
[0m[[0m[0minfo[0m] [0m[0mSymbol not found in definition request {"textDocument":{"uri":"file:///c%3A/Users/admin/Desktop/Cours%20M2/Scala/scala_project/src/main/scala/fileReader/Database.scala"},"position":{"line":26,"character":10}}[0m
[0m[[0m[0mdebug[0m] [0m[0mlsp-definition json request: {"textDocument":{"uri":"file:///c%3A/Users/admin/Desktop/Cours%20M2/Scala/scala_project/src/main/scala/fileReader/Database.scala"},"position":{"line":26,"character":20}}[0m
[0m[[0m[0minfo[0m] [0m[0mSymbol not found in definition request {"textDocument":{"uri":"file:///c%3A/Users/admin/Desktop/Cours%20M2/Scala/scala_project/src/main/scala/fileReader/Database.scala"},"position":{"line":26,"character":20}}[0m
[0m[[0m[0mdebug[0m] [0m[0mlsp-definition json request: {"textDocument":{"uri":"file:///c%3A/Users/admin/Desktop/Cours%20M2/Scala/scala_project/src/main/scala/fileReader/Database.scala"},"position":{"line":26,"character":24}}[0m
[0m[[0m[0minfo[0m] [0m[0mSymbol not found in definition request {"textDocument":{"uri":"file:///c%3A/Users/admin/Desktop/Cours%20M2/Scala/scala_project/src/main/scala/fileReader/Database.scala"},"position":{"line":26,"character":24}}[0m
[0m[[0m[0mdebug[0m] [0m[0mlsp-definition json request: {"textDocument":{"uri":"file:///c%3A/Users/admin/Desktop/Cours%20M2/Scala/scala_project/src/main/scala/fileReader/Database.scala"},"position":{"line":26,"character":10}}[0m
[0m[[0m[0minfo[0m] [0m[0mSymbol not found in definition request {"textDocument":{"uri":"file:///c%3A/Users/admin/Desktop/Cours%20M2/Scala/scala_project/src/main/scala/fileReader/Database.scala"},"position":{"line":26,"character":10}}[0m
[0m[[0m[0mdebug[0m] [0m[0mlsp-definition json request: {"textDocument":{"uri":"file:///c%3A/Users/admin/Desktop/Cours%20M2/Scala/scala_project/src/main/scala/fileReader/Database.scala"},"position":{"line":27,"character":10}}[0m
[0m[[0m[0minfo[0m] [0m[0mSymbol not found in definition request {"textDocument":{"uri":"file:///c%3A/Users/admin/Desktop/Cours%20M2/Scala/scala_project/src/main/scala/fileReader/Database.scala"},"position":{"line":27,"character":10}}[0m
[0m[[0m[0mdebug[0m] [0m[0mlsp-definition json request: {"textDocument":{"uri":"file:///c%3A/Users/admin/Desktop/Cours%20M2/Scala/scala_project/src/main/scala/fileReader/Database.scala"},"position":{"line":27,"character":15}}[0m
[0m[[0m[0minfo[0m] [0m[0mSymbol not found in definition request {"textDocument":{"uri":"file:///c%3A/Users/admin/Desktop/Cours%20M2/Scala/scala_project/src/main/scala/fileReader/Database.scala"},"position":{"line":27,"character":15}}[0m
[0m[[0m[0mdebug[0m] [0m[0mlsp-definition json request: {"textDocument":{"uri":"file:///c%3A/Users/admin/Desktop/Cours%20M2/Scala/scala_project/src/main/scala/fileReader/Database.scala"},"position":{"line":28,"character":10}}[0m
[0m[[0m[0minfo[0m] [0m[0mSymbol not found in definition request {"textDocument":{"uri":"file:///c%3A/Users/admin/Desktop/Cours%20M2/Scala/scala_project/src/main/scala/fileReader/Database.scala"},"position":{"line":28,"character":10}}[0m
[0m[[0m[0mdebug[0m] [0m[0mlsp-definition json request: {"textDocument":{"uri":"file:///c%3A/Users/admin/Desktop/Cours%20M2/Scala/scala_project/src/main/scala/fileReader/Database.scala"},"position":{"line":28,"character":26}}[0m
[0m[[0m[0minfo[0m] [0m[0mSymbol not found in definition request {"textDocument":{"uri":"file:///c%3A/Users/admin/Desktop/Cours%20M2/Scala/scala_project/src/main/scala/fileReader/Database.scala"},"position":{"line":28,"character":26}}[0m
[0m[[0m[0mdebug[0m] [0m[0mlsp-definition json request: {"textDocument":{"uri":"file:///c%3A/Users/admin/Desktop/Cours%20M2/Scala/scala_project/src/main/scala/fileReader/Database.scala"},"position":{"line":29,"character":30}}[0m
[0m[[0m[0minfo[0m] [0m[0mSymbol not found in definition request {"textDocument":{"uri":"file:///c%3A/Users/admin/Desktop/Cours%20M2/Scala/scala_project/src/main/scala/fileReader/Database.scala"},"position":{"line":29,"character":30}}[0m
[0m[[0m[0mdebug[0m] [0m[0mlsp-definition json request: {"textDocument":{"uri":"file:///c%3A/Users/admin/Desktop/Cours%20M2/Scala/scala_project/src/main/scala/fileReader/Database.scala"},"position":{"line":28,"character":36}}[0m
[0m[[0m[0minfo[0m] [0m[0mSymbol not found in definition request {"textDocument":{"uri":"file:///c%3A/Users/admin/Desktop/Cours%20M2/Scala/scala_project/src/main/scala/fileReader/Database.scala"},"position":{"line":28,"character":36}}[0m
[0m[[0m[0mdebug[0m] [0m[0mlsp-definition json request: {"textDocument":{"uri":"file:///c%3A/Users/admin/Desktop/Cours%20M2/Scala/scala_project/src/main/scala/fileReader/Database.scala"},"position":{"line":27,"character":29}}[0m
[0m[[0m[0minfo[0m] [0m[0mSymbol not found in definition request {"textDocument":{"uri":"file:///c%3A/Users/admin/Desktop/Cours%20M2/Scala/scala_project/src/main/scala/fileReader/Database.scala"},"position":{"line":27,"character":29}}[0m
[0m[[0m[0mdebug[0m] [0m[0mlsp-definition json request: {"textDocument":{"uri":"file:///c%3A/Users/admin/Desktop/Cours%20M2/Scala/scala_project/src/main/scala/fileReader/Database.scala"},"position":{"line":26,"character":32}}[0m
[0m[[0m[0minfo[0m] [0m[0mSymbol not found in definition request {"textDocument":{"uri":"file:///c%3A/Users/admin/Desktop/Cours%20M2/Scala/scala_project/src/main/scala/fileReader/Database.scala"},"position":{"line":26,"character":32}}[0m
[0m[[0m[0mdebug[0m] [0m[0mlsp-definition json request: {"textDocument":{"uri":"file:///c%3A/Users/admin/Desktop/Cours%20M2/Scala/scala_project/src/main/scala/fileReader/Database.scala"},"position":{"line":25,"character":29}}[0m
[0m[[0m[0minfo[0m] [0m[0mSymbol not found in definition request {"textDocument":{"uri":"file:///c%3A/Users/admin/Desktop/Cours%20M2/Scala/scala_project/src/main/scala/fileReader/Database.scala"},"position":{"line":25,"character":29}}[0m
