2022.02.12 17:40:48 INFO  tracing is disabled for protocol LSP, to enable tracing of incoming and outgoing JSON messages create an empty file at c:\Users\Administrateur\Documents\GitHub\Scala_Project\.metals\lsp.trace.json or C:\Users\Administrateur\AppData\Local\scalameta\metals\cache\lsp.trace.json
2022.02.12 17:40:49 INFO  logging to file C:\Users\Administrateur\Documents\GitHub\Scala_Project\.metals\metals.log
2022.02.12 17:40:49 INFO  Started: Metals version 0.11.1 in workspace 'C:\Users\Administrateur\Documents\GitHub\Scala_Project' for client Visual Studio Code 1.64.0.
2022.02.12 17:40:49 INFO  Parse release: 16.0.2
2022.02.12 17:40:54 INFO  time: initialize in 5.31s
2022.02.12 17:40:55 WARN  Build server is not auto-connectable.
2022.02.12 17:43:44 INFO  shutting down Metals
java.util.concurrent.RejectedExecutionException: Task scala.concurrent.impl.CallbackRunnable@5759bcf rejected from java.util.concurrent.ThreadPoolExecutor@14a0fb9[Shutting down, pool size = 2, active threads = 2, queued tasks = 0, completed tasks = 14]
	at java.base/java.util.concurrent.ThreadPoolExecutor$AbortPolicy.rejectedExecution(ThreadPoolExecutor.java:2057)
	at java.base/java.util.concurrent.ThreadPoolExecutor.reject(ThreadPoolExecutor.java:827)
	at java.base/java.util.concurrent.ThreadPoolExecutor.execute(ThreadPoolExecutor.java:1357)
	at scala.concurrent.impl.ExecutionContextImpl$$anon$4.execute(ExecutionContextImpl.scala:138)
	at scala.concurrent.impl.CallbackRunnable.executeWithValue(Promise.scala:72)
	at scala.concurrent.impl.Promise$DefaultPromise.$anonfun$tryComplete$1(Promise.scala:288)
	at scala.concurrent.impl.Promise$DefaultPromise.$anonfun$tryComplete$1$adapted(Promise.scala:288)
	at scala.concurrent.impl.Promise$DefaultPromise.tryComplete(Promise.scala:288)
	at scala.concurrent.Promise.complete(Promise.scala:53)
	at scala.concurrent.Promise.complete$(Promise.scala:52)
	at scala.concurrent.impl.Promise$DefaultPromise.complete(Promise.scala:187)
	at scala.concurrent.impl.Promise.$anonfun$transform$1(Promise.scala:33)
	at scala.concurrent.impl.CallbackRunnable.run(Promise.scala:64)
	at java.base/java.util.concurrent.ThreadPoolExecutor.runWorker(ThreadPoolExecutor.java:1130)
	at java.base/java.util.concurrent.ThreadPoolExecutor$Worker.run(ThreadPoolExecutor.java:630)
	at java.base/java.lang.Thread.run(Thread.java:831)
2022.02.12 17:44:16 INFO  tracing is disabled for protocol LSP, to enable tracing of incoming and outgoing JSON messages create an empty file at c:\Users\Administrateur\Documents\GitHub\Scala_Project\.metals\lsp.trace.json or C:\Users\Administrateur\AppData\Local\scalameta\metals\cache\lsp.trace.json
2022.02.12 17:44:17 INFO  logging to file C:\Users\Administrateur\Documents\GitHub\Scala_Project\.metals\metals.log
2022.02.12 17:44:17 INFO  Started: Metals version 0.11.1 in workspace 'C:\Users\Administrateur\Documents\GitHub\Scala_Project' for client Visual Studio Code 1.64.2.
2022.02.12 17:44:17 INFO  Parse release: 16.0.2
2022.02.12 17:44:20 INFO  time: initialize in 2.8s
2022.02.12 17:44:20 WARN  Build server is not auto-connectable.
2022.02.12 17:44:21 INFO  skipping build import with status 'Requested'
2022.02.12 17:52:36 WARN  no build target for: C:\Users\Administrateur\Documents\GitHub\Scala_Project\src\main\scala\fileReader\Database.scala
2022.02.12 17:52:42 WARN  no build target for: C:\Users\Administrateur\Documents\GitHub\Scala_Project\src\main\scala\fileReader\Main.scala
2022.02.12 17:52:50 INFO  no build target found for C:\Users\Administrateur\Documents\GitHub\Scala_Project\src\main\scala\fileReader\Database.scala. Using presentation compiler with project's scala-library version: 3.1.0
2022.02.12 17:52:53 INFO  time: code lens generation in 10s
2022.02.12 17:52:53 INFO  time: code lens generation in 15s
2022.02.12 17:55:58 WARN  no build target for: C:\Users\Administrateur\Documents\GitHub\Scala_Project\src\main\scala\fileReader\model\Airport.scala
févr. 12, 2022 5:58:30 PM org.eclipse.lsp4j.jsonrpc.services.GenericEndpoint notify
INFO: Unsupported notification method: $/setTrace
2022.02.12 18:01:00 WARN  no build target for: C:\Users\Administrateur\Documents\GitHub\Scala_Project\src\main\scala\fileReader\model\Countries.scala
2022.02.12 18:01:01 WARN  no build target for: C:\Users\Administrateur\Documents\GitHub\Scala_Project\src\main\scala\fileReader\model\Runways.scala
2022.02.12 18:01:04 WARN  no build target for: C:\Users\Administrateur\Documents\GitHub\Scala_Project\src\main\scala\fileReader\model\Airport.scala
2022.02.12 18:01:25 WARN  no build target for: C:\Users\Administrateur\Documents\GitHub\Scala_Project\src\main\scala\fileReader\Main.scala
2022.02.12 18:03:44 WARN  no build target for: C:\Users\Administrateur\Documents\GitHub\Scala_Project\src\main\scala\fileReader\package.scala
2022.02.12 18:03:56 WARN  no build target for: C:\Users\Administrateur\Documents\GitHub\Scala_Project\src\main\scala\fileReader\Main.scala
2022.02.12 18:04:17 WARN  no build target for: C:\Users\Administrateur\Documents\GitHub\Scala_Project\src\main\scala\fileReader\Query.scala
2022.02.12 18:04:27 WARN  no build target for: C:\Users\Administrateur\Documents\GitHub\Scala_Project\src\main\scala\fileReader\Main.scala
févr. 12, 2022 6:07:07 PM org.eclipse.lsp4j.jsonrpc.RemoteEndpoint fallbackResponseError
SEVERE: Internal error: java.lang.reflect.InvocationTargetException
java.lang.RuntimeException: java.lang.reflect.InvocationTargetException
	at org.eclipse.lsp4j.jsonrpc.services.GenericEndpoint.lambda$null$0(GenericEndpoint.java:67)
	at org.eclipse.lsp4j.jsonrpc.services.GenericEndpoint.request(GenericEndpoint.java:120)
	at org.eclipse.lsp4j.jsonrpc.RemoteEndpoint.handleRequest(RemoteEndpoint.java:261)
	at org.eclipse.lsp4j.jsonrpc.RemoteEndpoint.consume(RemoteEndpoint.java:190)
	at org.eclipse.lsp4j.jsonrpc.json.StreamMessageProducer.handleMessage(StreamMessageProducer.java:194)
	at org.eclipse.lsp4j.jsonrpc.json.StreamMessageProducer.listen(StreamMessageProducer.java:94)
	at org.eclipse.lsp4j.jsonrpc.json.ConcurrentMessageProcessor.run(ConcurrentMessageProcessor.java:113)
	at java.base/java.util.concurrent.Executors$RunnableAdapter.call(Executors.java:515)
	at java.base/java.util.concurrent.FutureTask.run(FutureTask.java:264)
	at java.base/java.util.concurrent.ThreadPoolExecutor.runWorker(ThreadPoolExecutor.java:1130)
	at java.base/java.util.concurrent.ThreadPoolExecutor$Worker.run(ThreadPoolExecutor.java:630)
	at java.base/java.lang.Thread.run(Thread.java:831)
Caused by: java.lang.reflect.InvocationTargetException
	at jdk.internal.reflect.GeneratedMethodAccessor2.invoke(Unknown Source)
	at java.base/jdk.internal.reflect.DelegatingMethodAccessorImpl.invoke(DelegatingMethodAccessorImpl.java:43)
	at java.base/java.lang.reflect.Method.invoke(Method.java:567)
	at org.eclipse.lsp4j.jsonrpc.services.GenericEndpoint.lambda$null$0(GenericEndpoint.java:65)
	... 11 more
Caused by: java.lang.IllegalArgumentException: 1 is not a valid line number, allowed [0..0]
	at scala.meta.internal.inputs.InternalInput.lineToOffset(InternalInput.scala:37)
	at scala.meta.internal.inputs.InternalInput.lineToOffset$(InternalInput.scala:32)
	at scala.meta.inputs.Input$VirtualFile.lineToOffset(Input.scala:80)
	at scala.meta.inputs.Position$Range$.apply(Position.scala:59)
	at scala.meta.internal.mtags.MtagsEnrichments$XtensionPositionLspInverse.toMeta(MtagsEnrichments.scala:133)
	at scala.meta.internal.parsing.Trees.$anonfun$findLastEnclosingAt$4(Trees.scala:77)
	at scala.Option.flatMap(Option.scala:271)
	at scala.meta.internal.parsing.Trees.findLastEnclosingAt(Trees.scala:76)
	at scala.meta.internal.metals.codeactions.PatternMatchRefactor.contribute(PatternMatchRefactor.scala:96)
	at scala.meta.internal.metals.CodeActionProvider$$anonfun$1.applyOrElse(CodeActionProvider.scala:64)
	at scala.meta.internal.metals.CodeActionProvider$$anonfun$1.applyOrElse(CodeActionProvider.scala:63)
	at scala.collection.immutable.List.collect(List.scala:323)
	at scala.meta.internal.metals.CodeActionProvider.codeActions(CodeActionProvider.scala:63)
	at scala.meta.internal.metals.MetalsLanguageServer.$anonfun$codeAction$1(MetalsLanguageServer.scala:1592)
	at scala.meta.internal.metals.CancelTokens$.future(CancelTokens.scala:38)
	at scala.meta.internal.metals.MetalsLanguageServer.codeAction(MetalsLanguageServer.scala:1591)
	... 15 more

févr. 12, 2022 6:07:09 PM org.eclipse.lsp4j.jsonrpc.RemoteEndpoint fallbackResponseError
SEVERE: Internal error: java.lang.reflect.InvocationTargetException
java.lang.RuntimeException: java.lang.reflect.InvocationTargetException
	at org.eclipse.lsp4j.jsonrpc.services.GenericEndpoint.lambda$null$0(GenericEndpoint.java:67)
	at org.eclipse.lsp4j.jsonrpc.services.GenericEndpoint.request(GenericEndpoint.java:120)
	at org.eclipse.lsp4j.jsonrpc.RemoteEndpoint.handleRequest(RemoteEndpoint.java:261)
	at org.eclipse.lsp4j.jsonrpc.RemoteEndpoint.consume(RemoteEndpoint.java:190)
	at org.eclipse.lsp4j.jsonrpc.json.StreamMessageProducer.handleMessage(StreamMessageProducer.java:194)
	at org.eclipse.lsp4j.jsonrpc.json.StreamMessageProducer.listen(StreamMessageProducer.java:94)
	at org.eclipse.lsp4j.jsonrpc.json.ConcurrentMessageProcessor.run(ConcurrentMessageProcessor.java:113)
	at java.base/java.util.concurrent.Executors$RunnableAdapter.call(Executors.java:515)
	at java.base/java.util.concurrent.FutureTask.run(FutureTask.java:264)
	at java.base/java.util.concurrent.ThreadPoolExecutor.runWorker(ThreadPoolExecutor.java:1130)
	at java.base/java.util.concurrent.ThreadPoolExecutor$Worker.run(ThreadPoolExecutor.java:630)
	at java.base/java.lang.Thread.run(Thread.java:831)
Caused by: java.lang.reflect.InvocationTargetException
	at jdk.internal.reflect.GeneratedMethodAccessor2.invoke(Unknown Source)
	at java.base/jdk.internal.reflect.DelegatingMethodAccessorImpl.invoke(DelegatingMethodAccessorImpl.java:43)
	at java.base/java.lang.reflect.Method.invoke(Method.java:567)
	at org.eclipse.lsp4j.jsonrpc.services.GenericEndpoint.lambda$null$0(GenericEndpoint.java:65)
	... 11 more
Caused by: java.lang.IllegalArgumentException: 1 is not a valid line number, allowed [0..0]
	at scala.meta.internal.inputs.InternalInput.lineToOffset(InternalInput.scala:37)
	at scala.meta.internal.inputs.InternalInput.lineToOffset$(InternalInput.scala:32)
	at scala.meta.inputs.Input$VirtualFile.lineToOffset(Input.scala:80)
	at scala.meta.inputs.Position$Range$.apply(Position.scala:59)
	at scala.meta.internal.mtags.MtagsEnrichments$XtensionPositionLspInverse.toMeta(MtagsEnrichments.scala:133)
	at scala.meta.internal.parsing.Trees.$anonfun$findLastEnclosingAt$4(Trees.scala:77)
	at scala.Option.flatMap(Option.scala:271)
	at scala.meta.internal.parsing.Trees.findLastEnclosingAt(Trees.scala:76)
	at scala.meta.internal.metals.codeactions.PatternMatchRefactor.contribute(PatternMatchRefactor.scala:96)
	at scala.meta.internal.metals.CodeActionProvider$$anonfun$1.applyOrElse(CodeActionProvider.scala:64)
	at scala.meta.internal.metals.CodeActionProvider$$anonfun$1.applyOrElse(CodeActionProvider.scala:63)
	at scala.collection.immutable.List.collect(List.scala:323)
	at scala.meta.internal.metals.CodeActionProvider.codeActions(CodeActionProvider.scala:63)
	at scala.meta.internal.metals.MetalsLanguageServer.$anonfun$codeAction$1(MetalsLanguageServer.scala:1592)
	at scala.meta.internal.metals.CancelTokens$.future(CancelTokens.scala:38)
	at scala.meta.internal.metals.MetalsLanguageServer.codeAction(MetalsLanguageServer.scala:1591)
	... 15 more

févr. 12, 2022 6:07:09 PM org.eclipse.lsp4j.jsonrpc.RemoteEndpoint fallbackResponseError
SEVERE: Internal error: java.lang.reflect.InvocationTargetException
java.lang.RuntimeException: java.lang.reflect.InvocationTargetException
	at org.eclipse.lsp4j.jsonrpc.services.GenericEndpoint.lambda$null$0(GenericEndpoint.java:67)
	at org.eclipse.lsp4j.jsonrpc.services.GenericEndpoint.request(GenericEndpoint.java:120)
	at org.eclipse.lsp4j.jsonrpc.RemoteEndpoint.handleRequest(RemoteEndpoint.java:261)
	at org.eclipse.lsp4j.jsonrpc.RemoteEndpoint.consume(RemoteEndpoint.java:190)
	at org.eclipse.lsp4j.jsonrpc.json.StreamMessageProducer.handleMessage(StreamMessageProducer.java:194)
	at org.eclipse.lsp4j.jsonrpc.json.StreamMessageProducer.listen(StreamMessageProducer.java:94)
	at org.eclipse.lsp4j.jsonrpc.json.ConcurrentMessageProcessor.run(ConcurrentMessageProcessor.java:113)
	at java.base/java.util.concurrent.Executors$RunnableAdapter.call(Executors.java:515)
	at java.base/java.util.concurrent.FutureTask.run(FutureTask.java:264)
	at java.base/java.util.concurrent.ThreadPoolExecutor.runWorker(ThreadPoolExecutor.java:1130)
	at java.base/java.util.concurrent.ThreadPoolExecutor$Worker.run(ThreadPoolExecutor.java:630)
	at java.base/java.lang.Thread.run(Thread.java:831)
Caused by: java.lang.reflect.InvocationTargetException
	at jdk.internal.reflect.GeneratedMethodAccessor2.invoke(Unknown Source)
	at java.base/jdk.internal.reflect.DelegatingMethodAccessorImpl.invoke(DelegatingMethodAccessorImpl.java:43)
	at java.base/java.lang.reflect.Method.invoke(Method.java:567)
	at org.eclipse.lsp4j.jsonrpc.services.GenericEndpoint.lambda$null$0(GenericEndpoint.java:65)
	... 11 more
Caused by: java.lang.IllegalArgumentException: 1 is not a valid line number, allowed [0..0]
	at scala.meta.internal.inputs.InternalInput.lineToOffset(InternalInput.scala:37)
	at scala.meta.internal.inputs.InternalInput.lineToOffset$(InternalInput.scala:32)
	at scala.meta.inputs.Input$VirtualFile.lineToOffset(Input.scala:80)
	at scala.meta.inputs.Position$Range$.apply(Position.scala:59)
	at scala.meta.internal.mtags.MtagsEnrichments$XtensionPositionLspInverse.toMeta(MtagsEnrichments.scala:133)
	at scala.meta.internal.parsing.Trees.$anonfun$findLastEnclosingAt$4(Trees.scala:77)
	at scala.Option.flatMap(Option.scala:271)
	at scala.meta.internal.parsing.Trees.findLastEnclosingAt(Trees.scala:76)
	at scala.meta.internal.metals.codeactions.PatternMatchRefactor.contribute(PatternMatchRefactor.scala:96)
	at scala.meta.internal.metals.CodeActionProvider$$anonfun$1.applyOrElse(CodeActionProvider.scala:64)
	at scala.meta.internal.metals.CodeActionProvider$$anonfun$1.applyOrElse(CodeActionProvider.scala:63)
	at scala.collection.immutable.List.collect(List.scala:323)
	at scala.meta.internal.metals.CodeActionProvider.codeActions(CodeActionProvider.scala:63)
	at scala.meta.internal.metals.MetalsLanguageServer.$anonfun$codeAction$1(MetalsLanguageServer.scala:1592)
	at scala.meta.internal.metals.CancelTokens$.future(CancelTokens.scala:38)
	at scala.meta.internal.metals.MetalsLanguageServer.codeAction(MetalsLanguageServer.scala:1591)
	... 15 more

févr. 12, 2022 6:07:16 PM org.eclipse.lsp4j.jsonrpc.RemoteEndpoint fallbackResponseError
SEVERE: Internal error: java.lang.reflect.InvocationTargetException
java.lang.RuntimeException: java.lang.reflect.InvocationTargetException
	at org.eclipse.lsp4j.jsonrpc.services.GenericEndpoint.lambda$null$0(GenericEndpoint.java:67)
	at org.eclipse.lsp4j.jsonrpc.services.GenericEndpoint.request(GenericEndpoint.java:120)
	at org.eclipse.lsp4j.jsonrpc.RemoteEndpoint.handleRequest(RemoteEndpoint.java:261)
	at org.eclipse.lsp4j.jsonrpc.RemoteEndpoint.consume(RemoteEndpoint.java:190)
	at org.eclipse.lsp4j.jsonrpc.json.StreamMessageProducer.handleMessage(StreamMessageProducer.java:194)
	at org.eclipse.lsp4j.jsonrpc.json.StreamMessageProducer.listen(StreamMessageProducer.java:94)
	at org.eclipse.lsp4j.jsonrpc.json.ConcurrentMessageProcessor.run(ConcurrentMessageProcessor.java:113)
	at java.base/java.util.concurrent.Executors$RunnableAdapter.call(Executors.java:515)
	at java.base/java.util.concurrent.FutureTask.run(FutureTask.java:264)
	at java.base/java.util.concurrent.ThreadPoolExecutor.runWorker(ThreadPoolExecutor.java:1130)
	at java.base/java.util.concurrent.ThreadPoolExecutor$Worker.run(ThreadPoolExecutor.java:630)
	at java.base/java.lang.Thread.run(Thread.java:831)
Caused by: java.lang.reflect.InvocationTargetException
	at jdk.internal.reflect.GeneratedMethodAccessor2.invoke(Unknown Source)
	at java.base/jdk.internal.reflect.DelegatingMethodAccessorImpl.invoke(DelegatingMethodAccessorImpl.java:43)
	at java.base/java.lang.reflect.Method.invoke(Method.java:567)
	at org.eclipse.lsp4j.jsonrpc.services.GenericEndpoint.lambda$null$0(GenericEndpoint.java:65)
	... 11 more
Caused by: java.lang.IllegalArgumentException: 4 is not a valid line number, allowed [0..0]
	at scala.meta.internal.inputs.InternalInput.lineToOffset(InternalInput.scala:37)
	at scala.meta.internal.inputs.InternalInput.lineToOffset$(InternalInput.scala:32)
	at scala.meta.inputs.Input$VirtualFile.lineToOffset(Input.scala:80)
	at scala.meta.inputs.Position$Range$.apply(Position.scala:59)
	at scala.meta.internal.mtags.MtagsEnrichments$XtensionPositionLspInverse.toMeta(MtagsEnrichments.scala:133)
	at scala.meta.internal.parsing.Trees.$anonfun$findLastEnclosingAt$4(Trees.scala:77)
	at scala.Option.flatMap(Option.scala:271)
	at scala.meta.internal.parsing.Trees.findLastEnclosingAt(Trees.scala:76)
	at scala.meta.internal.metals.codeactions.PatternMatchRefactor.contribute(PatternMatchRefactor.scala:96)
	at scala.meta.internal.metals.CodeActionProvider$$anonfun$1.applyOrElse(CodeActionProvider.scala:64)
	at scala.meta.internal.metals.CodeActionProvider$$anonfun$1.applyOrElse(CodeActionProvider.scala:63)
	at scala.collection.immutable.List.collect(List.scala:323)
	at scala.meta.internal.metals.CodeActionProvider.codeActions(CodeActionProvider.scala:63)
	at scala.meta.internal.metals.MetalsLanguageServer.$anonfun$codeAction$1(MetalsLanguageServer.scala:1592)
	at scala.meta.internal.metals.CancelTokens$.future(CancelTokens.scala:38)
	at scala.meta.internal.metals.MetalsLanguageServer.codeAction(MetalsLanguageServer.scala:1591)
	... 15 more

2022.02.12 18:12:05 WARN  no build target for: C:\Users\Administrateur\Documents\GitHub\Scala_Project\src\main\scala\fileReader\service\CSV.scala
2022.02.12 18:15:50 WARN  no build target for: C:\Users\Administrateur\Documents\GitHub\Scala_Project\src\main\scala\fileReader\Database.scala
2022.02.12 18:23:07 WARN  no build target for: C:\Users\Administrateur\Documents\GitHub\Scala_Project\src\main\scala\fileReader\model\Airport.scala
2022.02.12 19:18:01 INFO  shutting down Metals
2022.02.12 22:28:50 INFO  tracing is disabled for protocol LSP, to enable tracing of incoming and outgoing JSON messages create an empty file at c:\Users\Administrateur\Documents\GitHub\Scala_Project\.metals\lsp.trace.json or C:\Users\Administrateur\AppData\Local\scalameta\metals\cache\lsp.trace.json
2022.02.12 22:28:52 INFO  logging to file C:\Users\Administrateur\Documents\GitHub\Scala_Project\.metals\metals.log
2022.02.12 22:28:52 INFO  Started: Metals version 0.11.1 in workspace 'C:\Users\Administrateur\Documents\GitHub\Scala_Project' for client Visual Studio Code 1.64.2.
2022.02.12 22:28:52 INFO  Parse release: 16.0.2
2022.02.12 22:28:58 INFO  time: initialize in 5.8s
2022.02.12 22:28:58 WARN  Build server is not auto-connectable.
2022.02.12 22:28:59 WARN  no build target for: C:\Users\Administrateur\Documents\GitHub\Scala_Project\src\main\scala\fileReader\Query.scala
2022.02.12 22:28:59 WARN  no build target for: C:\Users\Administrateur\Documents\GitHub\Scala_Project\src\main\scala\fileReader\Main.scala
2022.02.12 22:28:59 INFO  skipping build import with status 'Requested'
2022.02.12 22:29:12 INFO  no build target found for C:\Users\Administrateur\Documents\GitHub\Scala_Project\src\main\scala\fileReader\Main.scala. Using presentation compiler with project's scala-library version: 3.1.0
2022.02.12 22:29:18 INFO  time: code lens generation in 15s
2022.02.12 22:42:38 WARN  no build target for: C:\Users\Administrateur\Documents\GitHub\Scala_Project\src\main\scala\fileReader\Query.scala
2022.02.12 22:42:41 WARN  no build target for: C:\Users\Administrateur\Documents\GitHub\Scala_Project\src\main\scala\fileReader\Main.scala
2022.02.12 22:43:26 WARN  no build target for: C:\Users\Administrateur\Documents\GitHub\Scala_Project\src\main\scala\fileReader\Main.scala
2022.02.12 22:43:34 WARN  no build target for: C:\Users\Administrateur\Documents\GitHub\Scala_Project\src\main\scala\fileReader\Database.scala
2022.02.12 22:43:35 WARN  no build target for: C:\Users\Administrateur\Documents\GitHub\Scala_Project\src\main\scala\fileReader\Query.scala
2022.02.12 22:43:37 WARN  no build target for: C:\Users\Administrateur\Documents\GitHub\Scala_Project\src\main\scala\fileReader\Database.scala
2022.02.12 22:43:40 WARN  no build target for: C:\Users\Administrateur\Documents\GitHub\Scala_Project\src\main\scala\fileReader\Main.scala
2022.02.12 23:08:10 WARN  no build target for: C:\Users\Administrateur\Documents\GitHub\Scala_Project\src\main\scala\fileReader\model\Runways.scala
2022.02.12 23:09:09 WARN  no build target for: C:\Users\Administrateur\Documents\GitHub\Scala_Project\src\main\scala\fileReader\model\Countries.scala
2022.02.12 23:09:13 WARN  no build target for: C:\Users\Administrateur\Documents\GitHub\Scala_Project\src\main\scala\fileReader\model\Runways.scala
2022.02.12 23:09:25 WARN  no build target for: C:\Users\Administrateur\Documents\GitHub\Scala_Project\src\main\scala\fileReader\model\Countries.scala
2022.02.12 23:38:44 WARN  no build target for: C:\Users\Administrateur\Documents\GitHub\Scala_Project\src\main\scala\fileReader\Main.scala
2022.02.12 23:47:40 WARN  no build target for: C:\Users\Administrateur\Documents\GitHub\Scala_Project\src\main\scala\fileReader\model\Runways.scala
2022.02.12 23:47:42 WARN  no build target for: C:\Users\Administrateur\Documents\GitHub\Scala_Project\src\main\scala\fileReader\model\Point.scala
2022.02.12 23:52:02 WARN  no build target for: C:\Users\Administrateur\Documents\GitHub\Scala_Project\src\main\scala\fileReader\Main.scala
2022.02.13 00:00:32 WARN  no build target for: C:\Users\Administrateur\Documents\GitHub\Scala_Project\src\main\scala\fileReader\Query.scala
2022.02.13 00:02:52 INFO  shutting down Metals
2022.02.13 11:41:47 INFO  tracing is disabled for protocol LSP, to enable tracing of incoming and outgoing JSON messages create an empty file at c:\Users\Administrateur\Documents\GitHub\Scala_Project\.metals\lsp.trace.json or C:\Users\Administrateur\AppData\Local\scalameta\metals\cache\lsp.trace.json
2022.02.13 11:41:48 INFO  logging to file C:\Users\Administrateur\Documents\GitHub\Scala_Project\.metals\metals.log
2022.02.13 11:41:48 INFO  Started: Metals version 0.11.1 in workspace 'C:\Users\Administrateur\Documents\GitHub\Scala_Project' for client Visual Studio Code 1.64.2.
2022.02.13 11:41:48 INFO  Parse release: 16.0.2
2022.02.13 11:41:51 INFO  time: initialize in 2.78s
2022.02.13 11:41:52 WARN  Build server is not auto-connectable.
2022.02.13 11:41:52 WARN  no build target for: C:\Users\Administrateur\Documents\GitHub\Scala_Project\src\main\scala\fileReader\Query.scala
2022.02.13 11:41:52 INFO  skipping build import with status 'Requested'
2022.02.13 11:41:58 INFO  no build target found for C:\Users\Administrateur\Documents\GitHub\Scala_Project\src\main\scala\fileReader\Query.scala. Using presentation compiler with project's scala-library version: 3.1.0
2022.02.13 11:42:00 INFO  time: code lens generation in 7.29s
